<?xml version="1.0" encoding="UTF-8"?>
<!-- Generated by org.testng.reporters.JUnitXMLReporter -->
<testsuite ignored="0" hostname="LAPTOP-EH3B1NND" failures="0" tests="3" name="Default test" time="36.581" errors="0" timestamp="2024-02-11T22:43:13 IST">
  <testcase classname="org.ictkerala.ictakwebsite.Testclass" name="homepage" time="0.345"/>
  <testcase classname="org.ictkerala.ictakwebsite.Testclass" name="partnershippage" time="5.697"/>
  <testcase classname="org.ictkerala.ictakwebsite.Testclass" name="adminpage" time="15.374"/>
</testsuite> <!-- Default test -->
