<?xml version="1.0" encoding="UTF-8"?>
<!-- Generated by org.testng.reporters.JUnitXMLReporter -->
<testsuite ignored="0" hostname="LAPTOP-EH3B1NND" failures="0" tests="3" name="Test" time="45.546" errors="0" timestamp="2024-02-09T23:40:42 IST">
  <testcase classname="org.ictkerala.ictakwebsite.Testclass" name="homepage" time="0.198"/>
  <testcase classname="org.ictkerala.ictakwebsite.Testclass" name="partnershippage" time="7.645"/>
  <testcase classname="org.ictkerala.ictakwebsite.Testclass" name="adminpage" time="20.159"/>
</testsuite> <!-- Test -->
