<?xml version="1.0" encoding="UTF-8"?>
<testng-results ignored="0" total="3" passed="3" failed="0" skipped="0">
  <reporter-output>
  </reporter-output>
  <suite started-at="2024-02-11T22:42:36 IST" name="Default suite" finished-at="2024-02-11T22:43:13 IST" duration-ms="36581">
    <groups>
    </groups>
    <test started-at="2024-02-11T22:42:36 IST" name="Default test" finished-at="2024-02-11T22:43:13 IST" duration-ms="36581">
      <class name="org.ictkerala.ictakwebsite.Testclass">
        <test-method is-config="true" signature="init()[pri:0, instance:org.ictkerala.ictakwebsite.Testclass@1ed6388a]" started-at="2024-02-11T22:42:37 IST" name="init" finished-at="2024-02-11T22:42:52 IST" duration-ms="15098" status="PASS">
          <reporter-output>
          </reporter-output>
        </test-method> <!-- init -->
        <test-method signature="homepage()[pri:1, instance:org.ictkerala.ictakwebsite.Testclass@1ed6388a]" started-at="2024-02-11T22:42:52 IST" name="homepage" finished-at="2024-02-11T22:42:52 IST" duration-ms="345" status="PASS">
          <reporter-output>
          </reporter-output>
        </test-method> <!-- homepage -->
        <test-method signature="partnershippage()[pri:2, instance:org.ictkerala.ictakwebsite.Testclass@1ed6388a]" started-at="2024-02-11T22:42:52 IST" name="partnershippage" finished-at="2024-02-11T22:42:58 IST" duration-ms="5697" status="PASS">
          <reporter-output>
          </reporter-output>
        </test-method> <!-- partnershippage -->
        <test-method signature="adminpage()[pri:3, instance:org.ictkerala.ictakwebsite.Testclass@1ed6388a]" started-at="2024-02-11T22:42:58 IST" name="adminpage" finished-at="2024-02-11T22:43:13 IST" duration-ms="15374" status="PASS">
          <reporter-output>
          </reporter-output>
        </test-method> <!-- adminpage -->
        <test-method is-config="true" signature="End()[pri:0, instance:org.ictkerala.ictakwebsite.Testclass@1ed6388a]" started-at="2024-02-11T22:43:13 IST" name="End" finished-at="2024-02-11T22:43:13 IST" duration-ms="7" status="PASS">
          <reporter-output>
          </reporter-output>
        </test-method> <!-- End -->
      </class> <!-- org.ictkerala.ictakwebsite.Testclass -->
    </test> <!-- Default test -->
  </suite> <!-- Default suite -->
</testng-results>
